2023-03-21 15:47:00.958 [main] INFO  calculator.Calculator - [SQ ROOT] - 3.0
2023-03-21 15:47:00.960 [main] INFO  calculator.Calculator - [RESULT - SQ ROOT] - 1.7320508075688772
2023-03-21 15:47:00.960 [main] INFO  calculator.Calculator - [SQ ROOT] - 4.0
2023-03-21 15:47:00.960 [main] INFO  calculator.Calculator - [RESULT - SQ ROOT] - 2.0
2023-03-21 15:47:00.961 [main] INFO  calculator.Calculator - [NATURAL LOG] - 1.0
2023-03-21 15:47:00.962 [main] INFO  calculator.Calculator - [RESULT - NATURAL LOG] - 0.0
2023-03-21 15:47:00.962 [main] INFO  calculator.Calculator - [NATURAL LOG] - 1.0
2023-03-21 15:47:00.962 [main] INFO  calculator.Calculator - [RESULT - NATURAL LOG] - 0.0
2023-03-21 15:47:00.970 [main] INFO  calculator.Calculator - [POWER - 2.0 RAISED TO] 2.0
2023-03-21 15:47:00.970 [main] INFO  calculator.Calculator - [RESULT - POWER] - 4.0
2023-03-21 15:47:00.971 [main] INFO  calculator.Calculator - [POWER - 2.0 RAISED TO] 3.0
2023-03-21 15:47:00.971 [main] INFO  calculator.Calculator - [RESULT - POWER] - 8.0
2023-03-21 15:47:00.972 [main] INFO  calculator.Calculator - [POWER - 2.0 RAISED TO] 3.0
2023-03-21 15:47:00.972 [main] INFO  calculator.Calculator - [RESULT - POWER] - 8.0
2023-03-21 15:47:00.972 [main] INFO  calculator.Calculator - [POWER - 4.0 RAISED TO] 3.0
2023-03-21 15:47:00.972 [main] INFO  calculator.Calculator - [RESULT - POWER] - 64.0
2023-03-21 15:47:00.973 [main] INFO  calculator.Calculator - [NATURAL LOG] - 2.4
2023-03-21 15:47:00.973 [main] INFO  calculator.Calculator - [RESULT - NATURAL LOG] - 0.8754687373538999
2023-03-21 15:47:00.973 [main] INFO  calculator.Calculator - [NATURAL LOG] - 2.1
2023-03-21 15:47:00.974 [main] INFO  calculator.Calculator - [RESULT - NATURAL LOG] - 0.7419373447293773
2023-03-21 15:47:00.974 [main] INFO  calculator.Calculator - [SQ ROOT] - 4.0
2023-03-21 15:47:00.974 [main] INFO  calculator.Calculator - [RESULT - SQ ROOT] - 2.0
2023-03-21 15:47:00.975 [main] INFO  calculator.Calculator - [SQ ROOT] - 1.0
2023-03-21 15:47:00.975 [main] INFO  calculator.Calculator - [RESULT - SQ ROOT] - 1.0
2023-03-21 23:25:44.572 [main] INFO  calculator.Calculator - [SQ ROOT] - 4.0
2023-03-21 23:25:44.574 [main] INFO  calculator.Calculator - [RESULT - SQ ROOT] - 2.0
2023-03-21 23:27:38.864 [main] INFO  calculator.Calculator - [SQ ROOT] - 4.0
2023-03-21 23:27:38.866 [main] INFO  calculator.Calculator - [RESULT - SQ ROOT] - 2.0
2023-03-21 23:35:28.677 [main] INFO  calculator.Calculator - [FACTORIAL] - 8.0
2023-03-21 23:35:28.680 [main] INFO  calculator.Calculator - [RESULT - FACTORIAL] - 40320.0
2023-03-21 23:35:28.680 [main] INFO  calculator.Calculator - [FACTORIAL] - 2.0
2023-03-21 23:35:28.680 [main] INFO  calculator.Calculator - [RESULT - FACTORIAL] - 2.0
2023-03-21 23:35:28.681 [main] INFO  calculator.Calculator - [SQ ROOT] - 3.0
2023-03-21 23:35:28.682 [main] INFO  calculator.Calculator - [RESULT - SQ ROOT] - 1.7320508075688772
2023-03-21 23:35:28.682 [main] INFO  calculator.Calculator - [SQ ROOT] - 4.0
2023-03-21 23:35:28.682 [main] INFO  calculator.Calculator - [RESULT - SQ ROOT] - 2.0
2023-03-21 23:35:28.683 [main] INFO  calculator.Calculator - [NATURAL LOG] - 1.0
2023-03-21 23:35:28.684 [main] INFO  calculator.Calculator - [RESULT - NATURAL LOG] - 0.0
2023-03-21 23:35:28.684 [main] INFO  calculator.Calculator - [NATURAL LOG] - 1.0
2023-03-21 23:35:28.684 [main] INFO  calculator.Calculator - [RESULT - NATURAL LOG] - 0.0
2023-03-21 23:35:28.685 [main] INFO  calculator.Calculator - [FACTORIAL] - 5.0
2023-03-21 23:35:28.685 [main] INFO  calculator.Calculator - [RESULT - FACTORIAL] - 120.0
2023-03-21 23:35:28.686 [main] INFO  calculator.Calculator - [FACTORIAL] - 4.0
2023-03-21 23:35:28.686 [main] INFO  calculator.Calculator - [RESULT - FACTORIAL] - 24.0
2023-03-21 23:35:28.695 [main] INFO  calculator.Calculator - [POWER - 2.0 RAISED TO] 2.0
2023-03-21 23:35:28.696 [main] INFO  calculator.Calculator - [RESULT - POWER] - 4.0
2023-03-21 23:35:28.696 [main] INFO  calculator.Calculator - [POWER - 2.0 RAISED TO] 3.0
2023-03-21 23:35:28.697 [main] INFO  calculator.Calculator - [RESULT - POWER] - 8.0
2023-03-21 23:35:28.697 [main] INFO  calculator.Calculator - [POWER - 2.0 RAISED TO] 3.0
2023-03-21 23:35:28.698 [main] INFO  calculator.Calculator - [RESULT - POWER] - 8.0
2023-03-21 23:35:28.698 [main] INFO  calculator.Calculator - [POWER - 3.0 RAISED TO] 3.0
2023-03-21 23:35:28.698 [main] INFO  calculator.Calculator - [RESULT - POWER] - 27.0
2023-03-21 23:35:28.699 [main] INFO  calculator.Calculator - [NATURAL LOG] - 2.4
2023-03-21 23:35:28.699 [main] INFO  calculator.Calculator - [RESULT - NATURAL LOG] - 0.8754687373538999
2023-03-21 23:35:28.699 [main] INFO  calculator.Calculator - [NATURAL LOG] - 2.1
2023-03-21 23:35:28.699 [main] INFO  calculator.Calculator - [RESULT - NATURAL LOG] - 0.7419373447293773
2023-03-21 23:35:28.700 [main] INFO  calculator.Calculator - [SQ ROOT] - 4.0
2023-03-21 23:35:28.700 [main] INFO  calculator.Calculator - [RESULT - SQ ROOT] - 2.0
2023-03-21 23:35:28.700 [main] INFO  calculator.Calculator - [SQ ROOT] - 1.0
2023-03-21 23:35:28.700 [main] INFO  calculator.Calculator - [RESULT - SQ ROOT] - 1.0
2023-03-21 23:43:49.762 [main] INFO  calculator.Calculator - [FACTORIAL] - 8.0
2023-03-21 23:43:49.764 [main] INFO  calculator.Calculator - [RESULT - FACTORIAL] - 40320.0
2023-03-21 23:43:49.764 [main] INFO  calculator.Calculator - [FACTORIAL] - 2.0
2023-03-21 23:43:49.764 [main] INFO  calculator.Calculator - [RESULT - FACTORIAL] - 2.0
2023-03-21 23:43:49.765 [main] INFO  calculator.Calculator - [SQ ROOT] - 8.0
2023-03-21 23:43:49.766 [main] INFO  calculator.Calculator - [RESULT - SQ ROOT] - 2.8284271247461903
2023-03-21 23:43:49.766 [main] INFO  calculator.Calculator - [SQ ROOT] - 9.0
2023-03-21 23:43:49.766 [main] INFO  calculator.Calculator - [RESULT - SQ ROOT] - 3.0
2023-03-21 23:43:49.767 [main] INFO  calculator.Calculator - [NATURAL LOG] - 1.0
2023-03-21 23:43:49.767 [main] INFO  calculator.Calculator - [RESULT - NATURAL LOG] - 0.0
2023-03-21 23:43:49.768 [main] INFO  calculator.Calculator - [NATURAL LOG] - 1.0
2023-03-21 23:43:49.768 [main] INFO  calculator.Calculator - [RESULT - NATURAL LOG] - 0.0
2023-03-21 23:43:49.768 [main] INFO  calculator.Calculator - [FACTORIAL] - 5.0
2023-03-21 23:43:49.769 [main] INFO  calculator.Calculator - [RESULT - FACTORIAL] - 120.0
2023-03-21 23:43:49.769 [main] INFO  calculator.Calculator - [FACTORIAL] - 4.0
2023-03-21 23:43:49.769 [main] INFO  calculator.Calculator - [RESULT - FACTORIAL] - 24.0
2023-03-21 23:43:49.775 [main] INFO  calculator.Calculator - [POWER - 2.0 RAISED TO] 2.0
2023-03-21 23:43:49.776 [main] INFO  calculator.Calculator - [RESULT - POWER] - 4.0
2023-03-21 23:43:49.776 [main] INFO  calculator.Calculator - [POWER - 2.0 RAISED TO] 3.0
2023-03-21 23:43:49.776 [main] INFO  calculator.Calculator - [RESULT - POWER] - 8.0
2023-03-21 23:43:49.777 [main] INFO  calculator.Calculator - [POWER - 2.0 RAISED TO] 3.0
2023-03-21 23:43:49.777 [main] INFO  calculator.Calculator - [RESULT - POWER] - 8.0
2023-03-21 23:43:49.777 [main] INFO  calculator.Calculator - [POWER - 3.0 RAISED TO] 3.0
2023-03-21 23:43:49.777 [main] INFO  calculator.Calculator - [RESULT - POWER] - 27.0
2023-03-21 23:43:49.778 [main] INFO  calculator.Calculator - [NATURAL LOG] - 2.4
2023-03-21 23:43:49.778 [main] INFO  calculator.Calculator - [RESULT - NATURAL LOG] - 0.8754687373538999
2023-03-21 23:43:49.778 [main] INFO  calculator.Calculator - [NATURAL LOG] - 2.1
2023-03-21 23:43:49.778 [main] INFO  calculator.Calculator - [RESULT - NATURAL LOG] - 0.7419373447293773
2023-03-21 23:43:49.779 [main] INFO  calculator.Calculator - [SQ ROOT] - 4.0
2023-03-21 23:43:49.779 [main] INFO  calculator.Calculator - [RESULT - SQ ROOT] - 2.0
2023-03-21 23:43:49.779 [main] INFO  calculator.Calculator - [SQ ROOT] - 1.0
2023-03-21 23:43:49.779 [main] INFO  calculator.Calculator - [RESULT - SQ ROOT] - 1.0
2023-04-02 09:15:49.313 [main] INFO  calculator.Calculator - [FACTORIAL] - 8.0
2023-04-02 09:15:49.315 [main] INFO  calculator.Calculator - [RESULT - FACTORIAL] - 40320.0
2023-04-02 09:15:49.315 [main] INFO  calculator.Calculator - [FACTORIAL] - 2.0
2023-04-02 09:15:49.315 [main] INFO  calculator.Calculator - [RESULT - FACTORIAL] - 2.0
2023-04-02 09:15:49.317 [main] INFO  calculator.Calculator - [SQ ROOT] - 8.0
2023-04-02 09:15:49.317 [main] INFO  calculator.Calculator - [RESULT - SQ ROOT] - 2.8284271247461903
2023-04-02 09:15:49.317 [main] INFO  calculator.Calculator - [SQ ROOT] - 9.0
2023-04-02 09:15:49.317 [main] INFO  calculator.Calculator - [RESULT - SQ ROOT] - 3.0
2023-04-02 09:15:49.318 [main] INFO  calculator.Calculator - [NATURAL LOG] - 1.0
2023-04-02 09:15:49.319 [main] INFO  calculator.Calculator - [RESULT - NATURAL LOG] - 0.0
2023-04-02 09:15:49.319 [main] INFO  calculator.Calculator - [NATURAL LOG] - 1.0
2023-04-02 09:15:49.319 [main] INFO  calculator.Calculator - [RESULT - NATURAL LOG] - 0.0
2023-04-02 09:15:49.320 [main] INFO  calculator.Calculator - [FACTORIAL] - 5.0
2023-04-02 09:15:49.320 [main] INFO  calculator.Calculator - [RESULT - FACTORIAL] - 120.0
2023-04-02 09:15:49.320 [main] INFO  calculator.Calculator - [FACTORIAL] - 4.0
2023-04-02 09:15:49.320 [main] INFO  calculator.Calculator - [RESULT - FACTORIAL] - 24.0
2023-04-02 09:15:49.331 [main] INFO  calculator.Calculator - [POWER - 2.0 RAISED TO] 2.0
2023-04-02 09:15:49.333 [main] INFO  calculator.Calculator - [RESULT - POWER] - 4.0
2023-04-02 09:15:49.334 [main] INFO  calculator.Calculator - [POWER - 2.0 RAISED TO] 3.0
2023-04-02 09:15:49.335 [main] INFO  calculator.Calculator - [RESULT - POWER] - 8.0
2023-04-02 09:15:49.338 [main] INFO  calculator.Calculator - [POWER - 2.0 RAISED TO] 3.0
2023-04-02 09:15:49.339 [main] INFO  calculator.Calculator - [RESULT - POWER] - 8.0
2023-04-02 09:15:49.340 [main] INFO  calculator.Calculator - [POWER - 3.0 RAISED TO] 3.0
2023-04-02 09:15:49.341 [main] INFO  calculator.Calculator - [RESULT - POWER] - 27.0
2023-04-02 09:15:49.343 [main] INFO  calculator.Calculator - [NATURAL LOG] - 2.4
2023-04-02 09:15:49.345 [main] INFO  calculator.Calculator - [RESULT - NATURAL LOG] - 0.8754687373538999
2023-04-02 09:15:49.346 [main] INFO  calculator.Calculator - [NATURAL LOG] - 2.1
2023-04-02 09:15:49.347 [main] INFO  calculator.Calculator - [RESULT - NATURAL LOG] - 0.7419373447293773
2023-04-02 09:15:49.349 [main] INFO  calculator.Calculator - [SQ ROOT] - 4.0
2023-04-02 09:15:49.350 [main] INFO  calculator.Calculator - [RESULT - SQ ROOT] - 2.0
2023-04-02 09:15:49.351 [main] INFO  calculator.Calculator - [SQ ROOT] - 1.0
2023-04-02 09:15:49.351 [main] INFO  calculator.Calculator - [RESULT - SQ ROOT] - 1.0
2023-04-02 09:18:27.577 [main] INFO  calculator.Calculator - [FACTORIAL] - 8.0
2023-04-02 09:18:27.579 [main] INFO  calculator.Calculator - [RESULT - FACTORIAL] - 40320.0
2023-04-02 09:18:27.579 [main] INFO  calculator.Calculator - [FACTORIAL] - 2.0
2023-04-02 09:18:27.579 [main] INFO  calculator.Calculator - [RESULT - FACTORIAL] - 2.0
2023-04-02 09:18:27.580 [main] INFO  calculator.Calculator - [SQ ROOT] - 8.0
2023-04-02 09:18:27.581 [main] INFO  calculator.Calculator - [RESULT - SQ ROOT] - 2.8284271247461903
2023-04-02 09:18:27.581 [main] INFO  calculator.Calculator - [SQ ROOT] - 9.0
2023-04-02 09:18:27.581 [main] INFO  calculator.Calculator - [RESULT - SQ ROOT] - 3.0
2023-04-02 09:18:27.582 [main] INFO  calculator.Calculator - [NATURAL LOG] - 1.0
2023-04-02 09:18:27.582 [main] INFO  calculator.Calculator - [RESULT - NATURAL LOG] - 0.0
2023-04-02 09:18:27.583 [main] INFO  calculator.Calculator - [NATURAL LOG] - 1.0
2023-04-02 09:18:27.583 [main] INFO  calculator.Calculator - [RESULT - NATURAL LOG] - 0.0
2023-04-02 09:18:27.583 [main] INFO  calculator.Calculator - [FACTORIAL] - 5.0
2023-04-02 09:18:27.584 [main] INFO  calculator.Calculator - [RESULT - FACTORIAL] - 120.0
2023-04-02 09:18:27.584 [main] INFO  calculator.Calculator - [FACTORIAL] - 4.0
2023-04-02 09:18:27.584 [main] INFO  calculator.Calculator - [RESULT - FACTORIAL] - 24.0
2023-04-02 09:18:27.595 [main] INFO  calculator.Calculator - [POWER - 2.0 RAISED TO] 2.0
2023-04-02 09:18:27.596 [main] INFO  calculator.Calculator - [RESULT - POWER] - 4.0
2023-04-02 09:18:27.596 [main] INFO  calculator.Calculator - [POWER - 2.0 RAISED TO] 3.0
2023-04-02 09:18:27.597 [main] INFO  calculator.Calculator - [RESULT - POWER] - 8.0
2023-04-02 09:18:27.598 [main] INFO  calculator.Calculator - [POWER - 2.0 RAISED TO] 3.0
2023-04-02 09:18:27.599 [main] INFO  calculator.Calculator - [RESULT - POWER] - 8.0
2023-04-02 09:18:27.599 [main] INFO  calculator.Calculator - [POWER - 3.0 RAISED TO] 3.0
2023-04-02 09:18:27.599 [main] INFO  calculator.Calculator - [RESULT - POWER] - 27.0
2023-04-02 09:18:27.600 [main] INFO  calculator.Calculator - [NATURAL LOG] - 2.4
2023-04-02 09:18:27.601 [main] INFO  calculator.Calculator - [RESULT - NATURAL LOG] - 0.8754687373538999
2023-04-02 09:18:27.601 [main] INFO  calculator.Calculator - [NATURAL LOG] - 2.1
2023-04-02 09:18:27.601 [main] INFO  calculator.Calculator - [RESULT - NATURAL LOG] - 0.7419373447293773
2023-04-02 09:18:27.601 [main] INFO  calculator.Calculator - [SQ ROOT] - 4.0
2023-04-02 09:18:27.602 [main] INFO  calculator.Calculator - [RESULT - SQ ROOT] - 2.0
2023-04-02 09:18:27.602 [main] INFO  calculator.Calculator - [SQ ROOT] - 1.0
2023-04-02 09:18:27.602 [main] INFO  calculator.Calculator - [RESULT - SQ ROOT] - 1.0
